<?xml version="1.0" encoding="UTF-8"?>
<!-- Generated by org.testng.reporters.JUnitReportReporter -->
<testsuite hostname="Sanju" failures="0" tests="1" name="P10_TypesOfAuthorizations.Ex4_BearerToken_Auththentication" time="1.834" errors="0" timestamp="2024-08-23T20:22:32 IST" skipped="0">
  <testcase classname="P10_TypesOfAuthorizations.Ex4_BearerToken_Auththentication" name="AuthEx4_BearerToken" time="1.834"/>
  <system-out/>
</testsuite> <!-- P10_TypesOfAuthorizations.Ex4_BearerToken_Auththentication -->
