<?xml version="1.0" encoding="UTF-8"?>
<!-- Generated by org.testng.reporters.JUnitReportReporter -->
<testsuite hostname="Sanju" failures="0" tests="1" name="P5_SchemaValidation.ex1_SchemaValidation" time="1.407" errors="0" timestamp="2024-08-16T19:32:25 IST" skipped="0">
  <testcase classname="P5_SchemaValidation.ex1_SchemaValidation" name="JSONSchemaValidation" time="1.407"/>
  <system-out/>
</testsuite> <!-- P5_SchemaValidation.ex1_SchemaValidation -->
