<?xml version="1.0" encoding="UTF-8"?>
<!-- Generated by org.testng.reporters.JUnitReportReporter -->
<testsuite hostname="Sanju" failures="0" tests="1" name="P1_BasicHttpRequests.Ex_Assignment_Perform_CRUD_Operation_in_singleClass" time="2.000" errors="0" timestamp="2024-08-16T18:01:47 IST" skipped="0">
  <testcase classname="P1_BasicHttpRequests.Ex_Assignment_Perform_CRUD_Operation_in_singleClass" name="TC2_getSpecificStudentDatails" time="2.000"/>
  <system-out/>
</testsuite> <!-- P1_BasicHttpRequests.Ex_Assignment_Perform_CRUD_Operation_in_singleClass -->
