<?xml version="1.0" encoding="UTF-8"?>
<!-- Generated by org.testng.reporters.JUnitReportReporter -->
<testsuite hostname="Sanju" failures="0" tests="1" name="P10_TypesOfAuthorizations.Authentications" time="1.817" errors="0" timestamp="2024-08-23T19:13:30 IST" skipped="0">
  <testcase classname="P10_TypesOfAuthorizations.Authentications" name="AuthEx4_BearerToken" time="1.817"/>
  <system-out/>
</testsuite> <!-- P10_TypesOfAuthorizations.Authentications -->
