<?xml version="1.0" encoding="UTF-8"?>
<!-- Generated by org.testng.reporters.JUnitReportReporter -->
<testsuite hostname="Sanju" failures="0" tests="1" name="BasicHttpRequests.ex3_PostRequest" time="1.731" errors="0" timestamp="2024-08-09T20:37:43 IST" skipped="0">
  <testcase classname="BasicHttpRequests.ex3_PostRequest" name="getAllStudents" time="1.731"/>
  <system-out/>
</testsuite> <!-- BasicHttpRequests.ex3_PostRequest -->
