<?xml version="1.0" encoding="UTF-8"?>
<!-- Generated by org.testng.reporters.JUnitReportReporter -->
<testsuite hostname="Sanju" failures="0" tests="1" name="P10_TypesOfAuthorizations.Ex6_API_Key_Auththentication" time="1.818" errors="0" timestamp="2024-08-24T20:08:01 IST" skipped="0">
  <testcase classname="P10_TypesOfAuthorizations.Ex6_API_Key_Auththentication" name="AuthEx7_ApiKey1" time="1.818"/>
  <system-out/>
</testsuite> <!-- P10_TypesOfAuthorizations.Ex6_API_Key_Auththentication -->
