<?xml version="1.0" encoding="UTF-8"?>
<!-- Generated by org.testng.reporters.JUnitReportReporter -->
<testsuite hostname="Sanju" failures="0" tests="1" name="P_FakerLibrary.FakerDataGenerator" time="0.245" errors="0" timestamp="2024-08-22T19:04:39 IST" skipped="0">
  <testcase classname="P_FakerLibrary.FakerDataGenerator" name="FakerLibraryDataGenerator" time="0.245"/>
  <system-out/>
</testsuite> <!-- P_FakerLibrary.FakerDataGenerator -->
