<?xml version="1.0" encoding="UTF-8"?>
<!-- Generated by org.testng.reporters.JUnitReportReporter -->
<testsuite hostname="Sanju" failures="0" tests="2" name="BasicHttpRequests.ex1_getRequest" time="2.223" errors="0" timestamp="2024-08-04T09:38:26 IST" skipped="0">
  <testcase classname="BasicHttpRequests.ex1_getRequest" name="getRequest_ValidID" time="1.713"/>
  <system-out/>
  <testcase classname="BasicHttpRequests.ex1_getRequest" name="getRequest_inValidID" time="0.510"/>
  <system-out/>
</testsuite> <!-- BasicHttpRequests.ex1_getRequest -->
