<?xml version="1.0" encoding="UTF-8"?>
<!-- Generated by org.testng.reporters.JUnitReportReporter -->
<testsuite hostname="Sanju" failures="0" tests="4" name="P6_Request_Response_Specification.Ex_RequestResponseSpec" time="1.801" errors="0" timestamp="2024-08-16T18:14:27 IST" skipped="0">
  <testcase classname="P6_Request_Response_Specification.Ex_RequestResponseSpec" name="TC1_postStudentDatails" time="1.613"/>
  <system-out/>
  <testcase classname="P6_Request_Response_Specification.Ex_RequestResponseSpec" name="TC2_getSpecificStudentDatails" time="0.128"/>
  <system-out/>
  <testcase classname="P6_Request_Response_Specification.Ex_RequestResponseSpec" name="TC3_UpdateSpecificStudentDatails" time="0.039"/>
  <system-out/>
  <testcase classname="P6_Request_Response_Specification.Ex_RequestResponseSpec" name="TC3_DeeleteSpecificStudentDatails" time="0.021"/>
  <system-out/>
</testsuite> <!-- P6_Request_Response_Specification.Ex_RequestResponseSpec -->
