<?xml version="1.0" encoding="UTF-8"?>
<!-- Generated by org.testng.reporters.JUnitReportReporter -->
<testsuite hostname="Sanju" failures="0" tests="1" name="DiffrentWaysOfCreatingPostRequestPayload.ex4_CreatePostBody_Using_PojoClass" time="1.820" errors="0" timestamp="2024-08-11T09:55:21 IST" skipped="0">
  <testcase classname="DiffrentWaysOfCreatingPostRequestPayload.ex4_CreatePostBody_Using_PojoClass" name="TC1_postBodyUsingPojo" time="1.820"/>
  <system-out/>
</testsuite> <!-- DiffrentWaysOfCreatingPostRequestPayload.ex4_CreatePostBody_Using_PojoClass -->
