<?xml version="1.0" encoding="UTF-8"?>
<!-- Generated by org.testng.reporters.JUnitReportReporter -->
<testsuite hostname="Sanju" failures="0" tests="1" name="P3_Logging_Query_Path_Parameters_Cookies_Headers.ex4_Headers1" time="2.286" errors="0" timestamp="2024-08-13T20:00:05 IST" skipped="0">
  <testcase classname="P3_Logging_Query_Path_Parameters_Cookies_Headers.ex4_Headers1" name="getAllHeadersInfo" time="2.286"/>
  <system-out/>
</testsuite> <!-- P3_Logging_Query_Path_Parameters_Cookies_Headers.ex4_Headers1 -->
