<?xml version="1.0" encoding="UTF-8"?>
<!-- Generated by org.testng.reporters.JUnitReportReporter -->
<testsuite hostname="Sanju" failures="0" tests="4" name="BasicHttpRequests.Ex_Assignment_Perform_CRUD_Operation_in_singleClass" time="1.853" errors="0" timestamp="2024-08-11T08:32:59 IST" skipped="0">
  <testcase classname="BasicHttpRequests.Ex_Assignment_Perform_CRUD_Operation_in_singleClass" name="TC1_postStudentDatails" time="1.674"/>
  <system-out/>
  <testcase classname="BasicHttpRequests.Ex_Assignment_Perform_CRUD_Operation_in_singleClass" name="TC2_getSpecificStudentDatails" time="0.116"/>
  <system-out/>
  <testcase classname="BasicHttpRequests.Ex_Assignment_Perform_CRUD_Operation_in_singleClass" name="TC3_UpdateSpecificStudentDatails" time="0.034"/>
  <system-out/>
  <testcase classname="BasicHttpRequests.Ex_Assignment_Perform_CRUD_Operation_in_singleClass" name="TC3_DeeleteSpecificStudentDatails" time="0.029"/>
  <system-out/>
</testsuite> <!-- BasicHttpRequests.Ex_Assignment_Perform_CRUD_Operation_in_singleClass -->
