<?xml version="1.0" encoding="UTF-8"?>
<!-- Generated by org.testng.reporters.JUnitReportReporter -->
<testsuite hostname="Sanju" failures="0" tests="2" name="BasicHttpRequests.ex2_getStudents" time="1.506" errors="0" timestamp="2024-08-04T10:22:38 IST" skipped="1">
  <testcase classname="BasicHttpRequests.ex2_getStudents" name="getAllRequest" time="1.506"/>
  <system-out/>
  <testcase classname="BasicHttpRequests.ex2_getStudents" name="getSingleStudnet">
    <skipped/>
  </testcase> <!-- getSingleStudnet -->
  <system-out/>
</testsuite> <!-- BasicHttpRequests.ex2_getStudents -->
