<?xml version="1.0" encoding="UTF-8"?>
<!-- Generated by org.testng.reporters.JUnitReportReporter -->
<testsuite hostname="Sanju" failures="0" tests="2" name="P7_Serialization_And_DeSerialization.ex1_serialization_Deserialization_Students" time="1.323" errors="0" timestamp="2024-08-17T19:49:02 IST" skipped="0">
  <testcase classname="P7_Serialization_And_DeSerialization.ex1_serialization_Deserialization_Students" name="serialization" time="1.260"/>
  <system-out/>
  <testcase classname="P7_Serialization_And_DeSerialization.ex1_serialization_Deserialization_Students" name="DeSerialization" time="0.063"/>
  <system-out/>
</testsuite> <!-- P7_Serialization_And_DeSerialization.ex1_serialization_Deserialization_Students -->
