<?xml version="1.0" encoding="UTF-8"?>
<!-- Generated by org.testng.reporters.JUnitReportReporter -->
<testsuite hostname="Sanju" failures="0" tests="1" name="P3_Logging_Query_Path_Parameters_Cookies_Headers.ex2_Cookies" time="2.225" errors="0" timestamp="2024-08-13T19:56:00 IST" skipped="0">
  <testcase classname="P3_Logging_Query_Path_Parameters_Cookies_Headers.ex2_Cookies" name="getCookieInfo" time="2.225"/>
  <system-out/>
</testsuite> <!-- P3_Logging_Query_Path_Parameters_Cookies_Headers.ex2_Cookies -->
