<?xml version="1.0" encoding="UTF-8"?>
<!-- Generated by org.testng.reporters.JUnitReportReporter -->
<testsuite hostname="Sanju" failures="0" tests="2" name="BasicHttpRequests.ex2_getStudents" time="1.816" errors="0" timestamp="2024-08-09T19:50:20 IST" skipped="1">
  <testcase classname="BasicHttpRequests.ex2_getStudents" name="getAllStudents" time="1.816"/>
  <system-out/>
  <testcase classname="BasicHttpRequests.ex2_getStudents" name="getSingleStudnet">
    <skipped/>
  </testcase> <!-- getSingleStudnet -->
  <system-out/>
</testsuite> <!-- BasicHttpRequests.ex2_getStudents -->
