<?xml version="1.0" encoding="UTF-8"?>
<!-- Generated by org.testng.reporters.JUnitReportReporter -->
<testsuite hostname="Sanju" failures="0" tests="1" name="P7_Serialization_And_DeSerialization.serialization_Deserialization" time="0.053" errors="0" timestamp="2024-08-17T16:53:09 IST" skipped="0">
  <testcase classname="P7_Serialization_And_DeSerialization.serialization_Deserialization" name="DeSerialization" time="0.053"/>
  <system-out/>
</testsuite> <!-- P7_Serialization_And_DeSerialization.serialization_Deserialization -->
