<?xml version="1.0" encoding="UTF-8"?>
<!-- Generated by org.testng.reporters.JUnitReportReporter -->
<testsuite hostname="Sanju" failures="0" tests="1" name="P11_DataProvider.demo" time="0.003" errors="0" timestamp="2024-08-24T20:36:17 IST" skipped="0">
  <testcase classname="P11_DataProvider.demo" name="name" time="0.003"/>
  <system-out/>
</testsuite> <!-- P11_DataProvider.demo -->
