<?xml version="1.0" encoding="UTF-8"?>
<!-- Generated by org.testng.reporters.JUnitReportReporter -->
<testsuite hostname="Sanju" failures="0" tests="1" name="DiffrentWaysOfCreatingPostRequestPayload.ex2_CreatePostBody_Using_OrgJSONLibrary" time="1.033" errors="0" timestamp="2024-08-11T08:49:52 IST" skipped="0">
  <testcase classname="DiffrentWaysOfCreatingPostRequestPayload.ex2_CreatePostBody_Using_OrgJSONLibrary" name="TC1_postBodyUsingMap" time="1.033"/>
  <system-out/>
</testsuite> <!-- DiffrentWaysOfCreatingPostRequestPayload.ex2_CreatePostBody_Using_OrgJSONLibrary -->
