<?xml version="1.0" encoding="UTF-8"?>
<!-- Generated by org.testng.reporters.JUnitReportReporter -->
<testsuite hostname="Sanju" failures="0" tests="4" name="P6_Request_Response_Specification.Ex_RequestResponseSpecBuilder" time="1.478" errors="0" timestamp="2024-08-16T20:07:34 IST" skipped="0">
  <testcase classname="P6_Request_Response_Specification.Ex_RequestResponseSpecBuilder" name="TC1_postStudentDatails" time="1.303"/>
  <system-out/>
  <testcase classname="P6_Request_Response_Specification.Ex_RequestResponseSpecBuilder" name="TC2_getSpecificStudentDatails" time="0.121"/>
  <system-out/>
  <testcase classname="P6_Request_Response_Specification.Ex_RequestResponseSpecBuilder" name="TC3_UpdateSpecificStudentDatails" time="0.032"/>
  <system-out/>
  <testcase classname="P6_Request_Response_Specification.Ex_RequestResponseSpecBuilder" name="TC3_DeeleteSpecificStudentDatails" time="0.022"/>
  <system-out/>
</testsuite> <!-- P6_Request_Response_Specification.Ex_RequestResponseSpecBuilder -->
