<?xml version="1.0" encoding="UTF-8"?>
<!-- Generated by org.testng.reporters.JUnitReportReporter -->
<testsuite hostname="Sanju" failures="0" tests="1" name="P10_TypesOfAuthorizations.Ex2_Digest_Auththentication" time="3.886" errors="0" timestamp="2024-08-23T19:01:45 IST" skipped="0">
  <testcase classname="P10_TypesOfAuthorizations.Ex2_Digest_Auththentication" name="DigestAuth" time="3.886"/>
  <system-out/>
</testsuite> <!-- P10_TypesOfAuthorizations.Ex2_Digest_Auththentication -->
