<?xml version="1.0" encoding="UTF-8"?>
<!-- Generated by org.testng.reporters.JUnitReportReporter -->
<testsuite hostname="Sanju" failures="0" tests="1" name="DiffrentWaysOfCreatingPostRequestPayload.ex3_CreatePostBody_Using_ExternalJSONFile" time="1.124" errors="0" timestamp="2024-08-11T09:06:57 IST" skipped="0">
  <testcase classname="DiffrentWaysOfCreatingPostRequestPayload.ex3_CreatePostBody_Using_ExternalJSONFile" name="TC1_postBodyUsingMap" time="1.124"/>
  <system-out/>
</testsuite> <!-- DiffrentWaysOfCreatingPostRequestPayload.ex3_CreatePostBody_Using_ExternalJSONFile -->
