<?xml version="1.0" encoding="UTF-8"?>
<!-- Generated by org.testng.reporters.JUnitReportReporter -->
<testsuite hostname="Sanju" failures="0" tests="1" name="P9_FakerLibrary_APIChaining.stu4_DeleteUser" time="0.035" errors="0" timestamp="2024-08-23T19:55:16 IST" skipped="0">
  <testcase classname="P9_FakerLibrary_APIChaining.stu4_DeleteUser" name="test4_DeleteUser" time="0.035"/>
  <system-out/>
</testsuite> <!-- P9_FakerLibrary_APIChaining.stu4_DeleteUser -->
