<?xml version="1.0" encoding="UTF-8"?>
<!-- Generated by org.testng.reporters.JUnitReportReporter -->
<testsuite hostname="Sanju" failures="0" tests="1" name="P3_Logging_Query_Path_Parameters_Cookies_Headers.ex4_Headers" time="2.922" errors="0" timestamp="2024-08-14T19:20:55 IST" skipped="0">
  <testcase classname="P3_Logging_Query_Path_Parameters_Cookies_Headers.ex4_Headers" name="getAllHeadersInfo" time="2.922"/>
  <system-out/>
</testsuite> <!-- P3_Logging_Query_Path_Parameters_Cookies_Headers.ex4_Headers -->
