<?xml version="1.0" encoding="UTF-8"?>
<!-- Generated by org.testng.reporters.JUnitReportReporter -->
<testsuite hostname="Sanju" failures="0" tests="1" name="P3_Logging_Query_Path_Parameters_Cookies_Headers.ex2_Querry_Path_Param" time="1.509" errors="0" timestamp="2024-08-13T21:26:43 IST" skipped="0">
  <testcase classname="P3_Logging_Query_Path_Parameters_Cookies_Headers.ex2_Querry_Path_Param" name="TC2_querry_pathParam" time="1.509"/>
  <system-out/>
</testsuite> <!-- P3_Logging_Query_Path_Parameters_Cookies_Headers.ex2_Querry_Path_Param -->
