<?xml version="1.0" encoding="UTF-8"?>
<!-- Generated by org.testng.reporters.JUnitReportReporter -->
<testsuite hostname="Sanju" failures="0" tests="1" name="P10_TypesOfAuthorizations.ex1_Baisc_Auththentication" time="3.333" errors="0" timestamp="2024-08-23T18:50:15 IST" skipped="0">
  <testcase classname="P10_TypesOfAuthorizations.ex1_Baisc_Auththentication" name="AuthEx1_basic" time="3.333"/>
  <system-out/>
</testsuite> <!-- P10_TypesOfAuthorizations.ex1_Baisc_Auththentication -->
