<?xml version="1.0" encoding="UTF-8"?>
<!-- Generated by org.testng.reporters.JUnitReportReporter -->
<testsuite hostname="Sanju" failures="0" tests="1" name="BasicHttpRequests.ex5_DeleteRequest" time="1.454" errors="0" timestamp="2024-08-09T20:38:18 IST" skipped="0">
  <testcase classname="BasicHttpRequests.ex5_DeleteRequest" name="updateStudentDetails" time="1.454"/>
  <system-out/>
</testsuite> <!-- BasicHttpRequests.ex5_DeleteRequest -->
