<?xml version="1.0" encoding="UTF-8"?>
<!-- Generated by org.testng.reporters.JUnitReportReporter -->
<testsuite hostname="Sanju" failures="0" tests="1" name="P7_Serialization_And_DeSerialization.ex2_serialization_Deserialization" time="1.371" errors="0" timestamp="2024-08-17T17:52:15 IST" skipped="0">
  <testcase classname="P7_Serialization_And_DeSerialization.ex2_serialization_Deserialization" name="TC3_deserialize" time="1.371"/>
  <system-out/>
</testsuite> <!-- P7_Serialization_And_DeSerialization.ex2_serialization_Deserialization -->
