<?xml version="1.0" encoding="UTF-8"?>
<!-- Generated by org.testng.reporters.JUnitReportReporter -->
<testsuite hostname="Sanju" failures="0" tests="1" name="DiffrentWaysOfCreatingPostRequestPayload.ex1_CreatePostBody_Using_Map" time="1.276" errors="0" timestamp="2024-08-11T08:40:16 IST" skipped="0">
  <testcase classname="DiffrentWaysOfCreatingPostRequestPayload.ex1_CreatePostBody_Using_Map" name="TC1_postBodyUsingMap" time="1.276"/>
  <system-out/>
</testsuite> <!-- DiffrentWaysOfCreatingPostRequestPayload.ex1_CreatePostBody_Using_Map -->
