<?xml version="1.0" encoding="UTF-8"?>
<!-- Generated by org.testng.reporters.JUnitReportReporter -->
<testsuite hostname="Sanju" failures="0" tests="1" name="BasicHttpRequests.ex1_getRequest" time="3.210" errors="0" timestamp="2024-08-09T19:42:40 IST" skipped="0">
  <testcase classname="BasicHttpRequests.ex1_getRequest" name="getRequest_ValidID" time="3.210"/>
  <system-out/>
</testsuite> <!-- BasicHttpRequests.ex1_getRequest -->
