<?xml version="1.0" encoding="UTF-8"?>
<!-- Generated by org.testng.reporters.JUnitReportReporter -->
<testsuite hostname="Sanju" failures="0" tests="1" name="BasicHttpRequests.ex4_PutRequest" time="1.687" errors="0" timestamp="2024-08-09T20:33:17 IST" skipped="0">
  <testcase classname="BasicHttpRequests.ex4_PutRequest" name="updateStudentDetails" time="1.687"/>
  <system-out/>
</testsuite> <!-- BasicHttpRequests.ex4_PutRequest -->
