<?xml version="1.0" encoding="UTF-8"?>
<!-- Generated by org.testng.reporters.JUnitReportReporter -->
<testsuite hostname="Sanju" failures="0" tests="1" name="P10_TypesOfAuthorizations.Ex1_Basic_Auththentication" time="4.528" errors="0" timestamp="2024-08-23T20:13:25 IST" skipped="0">
  <testcase classname="P10_TypesOfAuthorizations.Ex1_Basic_Auththentication" name="basicAuth" time="4.528"/>
  <system-out/>
</testsuite> <!-- P10_TypesOfAuthorizations.Ex1_Basic_Auththentication -->
