<?xml version="1.0" encoding="UTF-8"?>
<!-- Generated by org.testng.reporters.JUnitReportReporter -->
<testsuite hostname="Sanju" failures="0" tests="1" name="P11_DataProvider.SampleTest" time="0.004" errors="0" timestamp="2024-08-24T19:27:15 IST" skipped="0">
  <testcase classname="P11_DataProvider.SampleTest" name="TC1" time="0.004"/>
  <system-out/>
</testsuite> <!-- P11_DataProvider.SampleTest -->
