<?xml version="1.0" encoding="UTF-8"?>
<!-- Generated by org.testng.reporters.JUnitReportReporter -->
<testsuite hostname="Sanju" failures="0" tests="4" name="BasicHttpRequests.Ex_Assignment_Perform_CRUD_Operation_in_singleClass" time="2.286" errors="0" timestamp="2024-08-09T20:57:48 IST" skipped="0">
  <testcase classname="BasicHttpRequests.Ex_Assignment_Perform_CRUD_Operation_in_singleClass" name="TC1_postStudentDatails" time="2.283"/>
  <system-out/>
  <testcase classname="BasicHttpRequests.Ex_Assignment_Perform_CRUD_Operation_in_singleClass" name="TC2_getSpecificStudentDatails" time="0.001"/>
  <system-out/>
  <testcase classname="BasicHttpRequests.Ex_Assignment_Perform_CRUD_Operation_in_singleClass" name="TC3_UpdateSpecificStudentDatails" time="0.001"/>
  <system-out/>
  <testcase classname="BasicHttpRequests.Ex_Assignment_Perform_CRUD_Operation_in_singleClass" name="TC3_DeeleteSpecificStudentDatails" time="0.001"/>
  <system-out/>
</testsuite> <!-- BasicHttpRequests.Ex_Assignment_Perform_CRUD_Operation_in_singleClass -->
