<?xml version="1.0" encoding="UTF-8"?>
<!-- Generated by org.testng.reporters.JUnitReportReporter -->
<testsuite hostname="Sanju" failures="0" tests="1" name="P10_TypesOfAuthorizations.Authentications" time="2.668" errors="0" timestamp="2024-08-24T17:59:10 IST" skipped="0">
  <testcase classname="P10_TypesOfAuthorizations.Authentications" name="AuthEx7_ApiKey2" time="2.668"/>
  <system-out/>
</testsuite> <!-- P10_TypesOfAuthorizations.Authentications -->
