<?xml version="1.0" encoding="UTF-8"?>
<!-- Generated by org.testng.reporters.JUnitReportReporter -->
<testsuite hostname="Sanju" failures="0" tests="1" name="P11_DataProvider.SampleTest2" time="1.247" errors="0" timestamp="2024-08-24T20:51:31 IST" skipped="0">
  <testcase classname="P11_DataProvider.SampleTest2" name="TC2" time="1.247"/>
  <system-out/>
</testsuite> <!-- P11_DataProvider.SampleTest2 -->
