<?xml version="1.0" encoding="UTF-8"?>
<!-- Generated by org.testng.reporters.JUnitReportReporter -->
<testsuite hostname="Sanju" failures="0" tests="1" name="BasicHttpRequests.ex2_getAllStudents" time="1.151" errors="0" timestamp="2024-08-04T10:07:59 IST" skipped="0">
  <testcase classname="BasicHttpRequests.ex2_getAllStudents" name="getRequest_ValidID" time="1.151"/>
  <system-out/>
</testsuite> <!-- BasicHttpRequests.ex2_getAllStudents -->
