<?xml version="1.0" encoding="UTF-8"?>
<!-- Generated by org.testng.reporters.JUnitReportReporter -->
<testsuite hostname="Sanju" failures="0" tests="1" name="P3_Logging_Query_Path_Parameters_Cookies_Headers.ex1_getLogs" time="1.459" errors="0" timestamp="2024-08-13T21:17:03 IST" skipped="0">
  <testcase classname="P3_Logging_Query_Path_Parameters_Cookies_Headers.ex1_getLogs" name="getRequest_ValidID" time="1.459"/>
  <system-out/>
</testsuite> <!-- P3_Logging_Query_Path_Parameters_Cookies_Headers.ex1_getLogs -->
